<?xml version="1.0" encoding="UTF-8"?>
<testsuite xmlns:xsi="http://www.w3.org/2001/XMLSchema-instance" xsi:noNamespaceSchemaLocation="https://maven.apache.org/surefire/maven-surefire-plugin/xsd/surefire-test-report.xsd" name="com.flexon.DevopsTraining.CalculatorTest" time="0.096" tests="2" errors="0" skipped="0" failures="2">
  <properties>
[...]
</properties>
  <testcase name="testSum" classname="com.flexon.DevopsTraining.CalculatorTest" time="0.019">
    <failure message="expected:&lt;20&gt; but was:&lt;null&gt;" type="java.lang.AssertionError"><![CDATA[java.lang.AssertionError: expected:<20> but was:<null>
	at com.flexon.DevopsTraining.CalculatorTest.testSum(CalculatorTest.java:14)
]]></failure>
    <system-out><![CDATA[sum
]]></system-out>
  </testcase>
  <testcase name="testDiff" classname="com.flexon.DevopsTraining.CalculatorTest" time="0">
    <failure message="expected:&lt;30&gt; but was:&lt;40&gt;" type="java.lang.AssertionError"><![CDATA[java.lang.AssertionError: expected:<30> but was:<40>
	at com.flexon.DevopsTraining.CalculatorTest.testDiff(CalculatorTest.java:27)
]]></failure>
    <system-out><![CDATA[Difference
]]></system-out>
  </testcase>
</testsuite>